<?xml version="1.0" encoding="UTF-8"?>
<!-- Generated by org.testng.reporters.JUnitReportReporter -->
<testsuite skipped="0" hostname="DESKTOP-4ACC9C3" name="com.keximbanking.custlogin.TestExecution" tests="3" failures="0" timestamp="8 Jun 2018 03:46:41 GMT" time="38.383" errors="0">
  <testcase name="branch_clicking" time="0.902" classname="com.keximbanking.custlogin.TestExecution"/>
  <testcase name="verify_login" time="4.380" classname="com.keximbanking.custlogin.TestExecution"/>
  <testcase name="verify_content" time="33.101" classname="com.keximbanking.custlogin.TestExecution"/>
</testsuite> <!-- com.keximbanking.custlogin.TestExecution -->
