<?xml version="1.0" encoding="UTF-8"?>
<!-- Generated by org.testng.reporters.JUnitReportReporter -->
<testsuite skipped="0" hostname="DESKTOP-4ACC9C3" name="com.keximbanking.custlogin.TestExecution" tests="2" failures="0" timestamp="8 Jun 2018 03:09:18 GMT" time="16.303" errors="0">
  <testcase name="verify_login" time="7.174" classname="com.keximbanking.custlogin.TestExecution"/>
  <testcase name="verify_login" time="9.129" classname="com.keximbanking.custlogin.TestExecution"/>
</testsuite> <!-- com.keximbanking.custlogin.TestExecution -->
