<?xml version="1.0" encoding="UTF-8"?>
<!-- Generated by org.testng.reporters.JUnitReportReporter -->
<testsuite skipped="0" hostname="DESKTOP-4ACC9C3" name="com.keximbanking.custlogin.AppTest" tests="1" failures="0" timestamp="8 Jun 2018 03:03:26 GMT" time="0.001" errors="0">
  <testcase name="testApp" time="0.001" classname="com.keximbanking.custlogin.AppTest"/>
</testsuite> <!-- com.keximbanking.custlogin.AppTest -->
